0 info it worked if it ends with ok
1 verbose cli [ 'C:\\nodejs\\\\node.exe',
1 verbose cli   'C:\\nodejs\\node_modules\\npm\\bin\\npm-cli.js',
1 verbose cli   'install',
1 verbose cli   '-d' ]
2 info using npm@1.4.9
3 info using node@v0.10.28
4 verbose node symlink C:\nodejs\\node.exe
5 verbose readDependencies using package.json deps
6 verbose install where, deps [ 'C:\\Projects\\Mirrodin\\mirrodinweb',
6 verbose install   [ 'express',
6 verbose install     'body-parser',
6 verbose install     'cookie-parser',
6 verbose install     'morgan',
6 verbose install     'serve-favicon',
6 verbose install     'debug',
6 verbose install     'jade',
6 verbose install     'membership' ] ]
7 info preinstall mirrodinweb@0.0.0
8 verbose readDependencies using package.json deps
9 verbose cache add [ 'express@~4.9.0', null ]
10 verbose cache add name=undefined spec="express@~4.9.0" args=["express@~4.9.0",null]
11 verbose parsed url { protocol: null,
11 verbose parsed url   slashes: null,
11 verbose parsed url   auth: null,
11 verbose parsed url   host: null,
11 verbose parsed url   port: null,
11 verbose parsed url   hostname: null,
11 verbose parsed url   hash: null,
11 verbose parsed url   search: null,
11 verbose parsed url   query: null,
11 verbose parsed url   pathname: 'express@~4.9.0',
11 verbose parsed url   path: 'express@~4.9.0',
11 verbose parsed url   href: 'express@~4.9.0' }
12 verbose cache add name="express" spec="~4.9.0" args=["express","~4.9.0"]
13 verbose parsed url { protocol: null,
13 verbose parsed url   slashes: null,
13 verbose parsed url   auth: null,
13 verbose parsed url   host: null,
13 verbose parsed url   port: null,
13 verbose parsed url   hostname: null,
13 verbose parsed url   hash: null,
13 verbose parsed url   search: null,
13 verbose parsed url   query: null,
13 verbose parsed url   pathname: '~4.9.0',
13 verbose parsed url   path: '~4.9.0',
13 verbose parsed url   href: '~4.9.0' }
14 verbose addNamed [ 'express', '~4.9.0' ]
15 verbose addNamed [ null, '>=4.9.0-0 <4.10.0-0' ]
16 verbose cache add [ 'body-parser@~1.8.1', null ]
17 verbose cache add name=undefined spec="body-parser@~1.8.1" args=["body-parser@~1.8.1",null]
18 verbose parsed url { protocol: null,
18 verbose parsed url   slashes: null,
18 verbose parsed url   auth: null,
18 verbose parsed url   host: null,
18 verbose parsed url   port: null,
18 verbose parsed url   hostname: null,
18 verbose parsed url   hash: null,
18 verbose parsed url   search: null,
18 verbose parsed url   query: null,
18 verbose parsed url   pathname: 'body-parser@~1.8.1',
18 verbose parsed url   path: 'body-parser@~1.8.1',
18 verbose parsed url   href: 'body-parser@~1.8.1' }
19 verbose cache add name="body-parser" spec="~1.8.1" args=["body-parser","~1.8.1"]
20 verbose parsed url { protocol: null,
20 verbose parsed url   slashes: null,
20 verbose parsed url   auth: null,
20 verbose parsed url   host: null,
20 verbose parsed url   port: null,
20 verbose parsed url   hostname: null,
20 verbose parsed url   hash: null,
20 verbose parsed url   search: null,
20 verbose parsed url   query: null,
20 verbose parsed url   pathname: '~1.8.1',
20 verbose parsed url   path: '~1.8.1',
20 verbose parsed url   href: '~1.8.1' }
21 verbose addNamed [ 'body-parser', '~1.8.1' ]
22 verbose addNamed [ null, '>=1.8.1-0 <1.9.0-0' ]
23 verbose cache add [ 'cookie-parser@~1.3.3', null ]
24 verbose cache add name=undefined spec="cookie-parser@~1.3.3" args=["cookie-parser@~1.3.3",null]
25 verbose parsed url { protocol: null,
25 verbose parsed url   slashes: null,
25 verbose parsed url   auth: null,
25 verbose parsed url   host: null,
25 verbose parsed url   port: null,
25 verbose parsed url   hostname: null,
25 verbose parsed url   hash: null,
25 verbose parsed url   search: null,
25 verbose parsed url   query: null,
25 verbose parsed url   pathname: 'cookie-parser@~1.3.3',
25 verbose parsed url   path: 'cookie-parser@~1.3.3',
25 verbose parsed url   href: 'cookie-parser@~1.3.3' }
26 verbose cache add name="cookie-parser" spec="~1.3.3" args=["cookie-parser","~1.3.3"]
27 verbose parsed url { protocol: null,
27 verbose parsed url   slashes: null,
27 verbose parsed url   auth: null,
27 verbose parsed url   host: null,
27 verbose parsed url   port: null,
27 verbose parsed url   hostname: null,
27 verbose parsed url   hash: null,
27 verbose parsed url   search: null,
27 verbose parsed url   query: null,
27 verbose parsed url   pathname: '~1.3.3',
27 verbose parsed url   path: '~1.3.3',
27 verbose parsed url   href: '~1.3.3' }
28 verbose addNamed [ 'cookie-parser', '~1.3.3' ]
29 verbose addNamed [ null, '>=1.3.3-0 <1.4.0-0' ]
30 verbose cache add [ 'morgan@~1.3.0', null ]
31 verbose cache add name=undefined spec="morgan@~1.3.0" args=["morgan@~1.3.0",null]
32 verbose parsed url { protocol: null,
32 verbose parsed url   slashes: null,
32 verbose parsed url   auth: null,
32 verbose parsed url   host: null,
32 verbose parsed url   port: null,
32 verbose parsed url   hostname: null,
32 verbose parsed url   hash: null,
32 verbose parsed url   search: null,
32 verbose parsed url   query: null,
32 verbose parsed url   pathname: 'morgan@~1.3.0',
32 verbose parsed url   path: 'morgan@~1.3.0',
32 verbose parsed url   href: 'morgan@~1.3.0' }
33 verbose cache add name="morgan" spec="~1.3.0" args=["morgan","~1.3.0"]
34 verbose parsed url { protocol: null,
34 verbose parsed url   slashes: null,
34 verbose parsed url   auth: null,
34 verbose parsed url   host: null,
34 verbose parsed url   port: null,
34 verbose parsed url   hostname: null,
34 verbose parsed url   hash: null,
34 verbose parsed url   search: null,
34 verbose parsed url   query: null,
34 verbose parsed url   pathname: '~1.3.0',
34 verbose parsed url   path: '~1.3.0',
34 verbose parsed url   href: '~1.3.0' }
35 verbose addNamed [ 'morgan', '~1.3.0' ]
36 verbose addNamed [ null, '>=1.3.0-0 <1.4.0-0' ]
37 verbose cache add [ 'serve-favicon@~2.1.3', null ]
38 verbose cache add name=undefined spec="serve-favicon@~2.1.3" args=["serve-favicon@~2.1.3",null]
39 verbose parsed url { protocol: null,
39 verbose parsed url   slashes: null,
39 verbose parsed url   auth: null,
39 verbose parsed url   host: null,
39 verbose parsed url   port: null,
39 verbose parsed url   hostname: null,
39 verbose parsed url   hash: null,
39 verbose parsed url   search: null,
39 verbose parsed url   query: null,
39 verbose parsed url   pathname: 'serve-favicon@~2.1.3',
39 verbose parsed url   path: 'serve-favicon@~2.1.3',
39 verbose parsed url   href: 'serve-favicon@~2.1.3' }
40 verbose cache add name="serve-favicon" spec="~2.1.3" args=["serve-favicon","~2.1.3"]
41 verbose parsed url { protocol: null,
41 verbose parsed url   slashes: null,
41 verbose parsed url   auth: null,
41 verbose parsed url   host: null,
41 verbose parsed url   port: null,
41 verbose parsed url   hostname: null,
41 verbose parsed url   hash: null,
41 verbose parsed url   search: null,
41 verbose parsed url   query: null,
41 verbose parsed url   pathname: '~2.1.3',
41 verbose parsed url   path: '~2.1.3',
41 verbose parsed url   href: '~2.1.3' }
42 verbose addNamed [ 'serve-favicon', '~2.1.3' ]
43 verbose addNamed [ null, '>=2.1.3-0 <2.2.0-0' ]
44 verbose cache add [ 'debug@~2.0.0', null ]
45 verbose cache add name=undefined spec="debug@~2.0.0" args=["debug@~2.0.0",null]
46 verbose parsed url { protocol: null,
46 verbose parsed url   slashes: null,
46 verbose parsed url   auth: null,
46 verbose parsed url   host: null,
46 verbose parsed url   port: null,
46 verbose parsed url   hostname: null,
46 verbose parsed url   hash: null,
46 verbose parsed url   search: null,
46 verbose parsed url   query: null,
46 verbose parsed url   pathname: 'debug@~2.0.0',
46 verbose parsed url   path: 'debug@~2.0.0',
46 verbose parsed url   href: 'debug@~2.0.0' }
47 verbose cache add name="debug" spec="~2.0.0" args=["debug","~2.0.0"]
48 verbose parsed url { protocol: null,
48 verbose parsed url   slashes: null,
48 verbose parsed url   auth: null,
48 verbose parsed url   host: null,
48 verbose parsed url   port: null,
48 verbose parsed url   hostname: null,
48 verbose parsed url   hash: null,
48 verbose parsed url   search: null,
48 verbose parsed url   query: null,
48 verbose parsed url   pathname: '~2.0.0',
48 verbose parsed url   path: '~2.0.0',
48 verbose parsed url   href: '~2.0.0' }
49 verbose addNamed [ 'debug', '~2.0.0' ]
50 verbose addNamed [ null, '>=2.0.0-0 <2.1.0-0' ]
51 verbose cache add [ 'jade@~1.6.0', null ]
52 verbose cache add name=undefined spec="jade@~1.6.0" args=["jade@~1.6.0",null]
53 verbose parsed url { protocol: null,
53 verbose parsed url   slashes: null,
53 verbose parsed url   auth: null,
53 verbose parsed url   host: null,
53 verbose parsed url   port: null,
53 verbose parsed url   hostname: null,
53 verbose parsed url   hash: null,
53 verbose parsed url   search: null,
53 verbose parsed url   query: null,
53 verbose parsed url   pathname: 'jade@~1.6.0',
53 verbose parsed url   path: 'jade@~1.6.0',
53 verbose parsed url   href: 'jade@~1.6.0' }
54 verbose cache add name="jade" spec="~1.6.0" args=["jade","~1.6.0"]
55 verbose parsed url { protocol: null,
55 verbose parsed url   slashes: null,
55 verbose parsed url   auth: null,
55 verbose parsed url   host: null,
55 verbose parsed url   port: null,
55 verbose parsed url   hostname: null,
55 verbose parsed url   hash: null,
55 verbose parsed url   search: null,
55 verbose parsed url   query: null,
55 verbose parsed url   pathname: '~1.6.0',
55 verbose parsed url   path: '~1.6.0',
55 verbose parsed url   href: '~1.6.0' }
56 verbose addNamed [ 'jade', '~1.6.0' ]
57 verbose addNamed [ null, '>=1.6.0-0 <1.7.0-0' ]
58 verbose cache add [ 'membership@Mirrodin-membership', null ]
59 verbose cache add name=undefined spec="membership@Mirrodin-membership" args=["membership@Mirrodin-membership",null]
60 verbose parsed url { protocol: null,
60 verbose parsed url   slashes: null,
60 verbose parsed url   auth: null,
60 verbose parsed url   host: null,
60 verbose parsed url   port: null,
60 verbose parsed url   hostname: null,
60 verbose parsed url   hash: null,
60 verbose parsed url   search: null,
60 verbose parsed url   query: null,
60 verbose parsed url   pathname: 'membership@Mirrodin-membership',
60 verbose parsed url   path: 'membership@Mirrodin-membership',
60 verbose parsed url   href: 'membership@Mirrodin-membership' }
61 verbose cache add name="membership" spec="Mirrodin-membership" args=["membership","Mirrodin-membership"]
62 verbose parsed url { protocol: null,
62 verbose parsed url   slashes: null,
62 verbose parsed url   auth: null,
62 verbose parsed url   host: null,
62 verbose parsed url   port: null,
62 verbose parsed url   hostname: null,
62 verbose parsed url   hash: null,
62 verbose parsed url   search: null,
62 verbose parsed url   query: null,
62 verbose parsed url   pathname: 'Mirrodin-membership',
62 verbose parsed url   path: 'Mirrodin-membership',
62 verbose parsed url   href: 'Mirrodin-membership' }
63 verbose addNamed [ 'membership', 'Mirrodin-membership' ]
64 verbose addNamed [ null, null ]
65 silly lockFile 6ae7fa08-express-4-9-0 express@~4.9.0
66 verbose lock express@~4.9.0 C:\Users\Tommy\AppData\Roaming\npm-cache\6ae7fa08-express-4-9-0.lock
67 silly lockFile a49948c1-body-parser-1-8-1 body-parser@~1.8.1
68 verbose lock body-parser@~1.8.1 C:\Users\Tommy\AppData\Roaming\npm-cache\a49948c1-body-parser-1-8-1.lock
69 silly lockFile bf5babd8-cookie-parser-1-3-3 cookie-parser@~1.3.3
70 verbose lock cookie-parser@~1.3.3 C:\Users\Tommy\AppData\Roaming\npm-cache\bf5babd8-cookie-parser-1-3-3.lock
71 silly lockFile a4a9bdf4-morgan-1-3-0 morgan@~1.3.0
72 verbose lock morgan@~1.3.0 C:\Users\Tommy\AppData\Roaming\npm-cache\a4a9bdf4-morgan-1-3-0.lock
73 silly lockFile 38295489-serve-favicon-2-1-3 serve-favicon@~2.1.3
74 verbose lock serve-favicon@~2.1.3 C:\Users\Tommy\AppData\Roaming\npm-cache\38295489-serve-favicon-2-1-3.lock
75 silly lockFile 12b6356d-debug-2-0-0 debug@~2.0.0
76 verbose lock debug@~2.0.0 C:\Users\Tommy\AppData\Roaming\npm-cache\12b6356d-debug-2-0-0.lock
77 silly lockFile ad8c17a8-jade-1-6-0 jade@~1.6.0
78 verbose lock jade@~1.6.0 C:\Users\Tommy\AppData\Roaming\npm-cache\ad8c17a8-jade-1-6-0.lock
79 silly lockFile 7219fcc2-membership-Mirrodin-membership membership@Mirrodin-membership
80 verbose lock membership@Mirrodin-membership C:\Users\Tommy\AppData\Roaming\npm-cache\7219fcc2-membership-Mirrodin-membership.lock
81 silly addNameRange { name: 'express', range: '>=4.9.0-0 <4.10.0-0', hasData: false }
82 silly addNameRange { name: 'body-parser',
82 silly addNameRange   range: '>=1.8.1-0 <1.9.0-0',
82 silly addNameRange   hasData: false }
83 silly addNameRange { name: 'cookie-parser',
83 silly addNameRange   range: '>=1.3.3-0 <1.4.0-0',
83 silly addNameRange   hasData: false }
84 silly addNameRange { name: 'morgan', range: '>=1.3.0-0 <1.4.0-0', hasData: false }
85 silly addNameRange { name: 'serve-favicon',
85 silly addNameRange   range: '>=2.1.3-0 <2.2.0-0',
85 silly addNameRange   hasData: false }
86 silly addNameRange { name: 'debug', range: '>=2.0.0-0 <2.1.0-0', hasData: false }
87 silly addNameRange { name: 'jade', range: '>=1.6.0-0 <1.7.0-0', hasData: false }
88 info addNameTag [ 'membership', 'Mirrodin-membership' ]
89 verbose url raw cookie-parser
90 verbose url resolving [ 'https://registry.npmjs.org/', './cookie-parser' ]
91 verbose url resolved https://registry.npmjs.org/cookie-parser
92 info trying registry request attempt 1 at 21:16:49
93 verbose etag "D2I21Z55J0M83YHA636O1DW9K"
94 http GET https://registry.npmjs.org/cookie-parser
95 verbose url raw morgan
96 verbose url resolving [ 'https://registry.npmjs.org/', './morgan' ]
97 verbose url resolved https://registry.npmjs.org/morgan
98 info trying registry request attempt 1 at 21:16:49
99 verbose etag "8ELLH52SOJI9QYW7H7RPI0VL0"
100 http GET https://registry.npmjs.org/morgan
101 verbose url raw body-parser
102 verbose url resolving [ 'https://registry.npmjs.org/', './body-parser' ]
103 verbose url resolved https://registry.npmjs.org/body-parser
104 info trying registry request attempt 1 at 21:16:49
105 verbose etag "5DXZO43CX5AY2Z9FJXBO4ZZOE"
106 http GET https://registry.npmjs.org/body-parser
107 verbose url raw serve-favicon
108 verbose url resolving [ 'https://registry.npmjs.org/', './serve-favicon' ]
109 verbose url resolved https://registry.npmjs.org/serve-favicon
110 info trying registry request attempt 1 at 21:16:49
111 verbose etag "7DE7XCB1YNR2K4M0V914W2FL0"
112 http GET https://registry.npmjs.org/serve-favicon
113 verbose url raw debug
114 verbose url resolving [ 'https://registry.npmjs.org/', './debug' ]
115 verbose url resolved https://registry.npmjs.org/debug
116 info trying registry request attempt 1 at 21:16:49
117 verbose etag "8GS2Y1PXOCFVKAR7862Q9LURX"
118 http GET https://registry.npmjs.org/debug
119 verbose url raw express
120 verbose url resolving [ 'https://registry.npmjs.org/', './express' ]
121 verbose url resolved https://registry.npmjs.org/express
122 info trying registry request attempt 1 at 21:16:49
123 verbose etag "NBVVNNMOKFHPH12Y0VLNAJV6"
124 http GET https://registry.npmjs.org/express
125 verbose url raw jade
126 verbose url resolving [ 'https://registry.npmjs.org/', './jade' ]
127 verbose url resolved https://registry.npmjs.org/jade
128 info trying registry request attempt 1 at 21:16:49
129 verbose etag "2O8A36TZF8FAVX35MDT0V2IQJ"
130 http GET https://registry.npmjs.org/jade
131 verbose url raw membership
132 verbose url resolving [ 'https://registry.npmjs.org/', './membership' ]
133 verbose url resolved https://registry.npmjs.org/membership
134 info trying registry request attempt 1 at 21:16:49
135 verbose etag "4CU64TV452K5Z0RH9J27VYZVN"
136 http GET https://registry.npmjs.org/membership
137 http 304 https://registry.npmjs.org/debug
138 silly registry.get cb [ 304,
138 silly registry.get   { date: 'Wed, 01 Oct 2014 19:16:51 GMT',
138 silly registry.get     server: 'Apache',
138 silly registry.get     via: '1.1 varnish',
138 silly registry.get     'last-modified': 'Wed, 01 Oct 2014 19:16:51 GMT',
138 silly registry.get     'cache-control': 'max-age=60',
138 silly registry.get     etag: '"8GS2Y1PXOCFVKAR7862Q9LURX"',
138 silly registry.get     'x-served-by': 'cache-ams4129-AMS',
138 silly registry.get     'x-cache': 'HIT',
138 silly registry.get     'x-cache-hits': '1',
138 silly registry.get     'x-timer': 'S1412191011.801957,VS0,VE0',
138 silly registry.get     vary: 'Accept',
138 silly registry.get     'content-length': '0',
138 silly registry.get     'keep-alive': 'timeout=10, max=50',
138 silly registry.get     connection: 'Keep-Alive' } ]
139 verbose etag debug from cache
140 silly addNameRange number 2 { name: 'debug', range: '>=2.0.0-0 <2.1.0-0', hasData: true }
141 silly addNameRange versions [ 'debug',
141 silly addNameRange   [ '0.0.1',
141 silly addNameRange     '0.1.0',
141 silly addNameRange     '0.2.0',
141 silly addNameRange     '0.3.0',
141 silly addNameRange     '0.4.0',
141 silly addNameRange     '0.4.1',
141 silly addNameRange     '0.5.0',
141 silly addNameRange     '0.6.0',
141 silly addNameRange     '0.7.0',
141 silly addNameRange     '0.7.1',
141 silly addNameRange     '0.7.2',
141 silly addNameRange     '0.7.3',
141 silly addNameRange     '0.7.4',
141 silly addNameRange     '0.8.0',
141 silly addNameRange     '0.8.1',
141 silly addNameRange     '1.0.0',
141 silly addNameRange     '1.0.1',
141 silly addNameRange     '1.0.2',
141 silly addNameRange     '1.0.3',
141 silly addNameRange     '1.0.4',
141 silly addNameRange     '2.0.0' ] ]
142 verbose addNamed [ 'debug', '2.0.0' ]
143 verbose addNamed [ '2.0.0', '2.0.0' ]
144 silly lockFile 095bd820-debug-2-0-0 debug@2.0.0
145 verbose lock debug@2.0.0 C:\Users\Tommy\AppData\Roaming\npm-cache\095bd820-debug-2-0-0.lock
146 silly lockFile 095bd820-debug-2-0-0 debug@2.0.0
147 silly lockFile 095bd820-debug-2-0-0 debug@2.0.0
148 silly lockFile 12b6356d-debug-2-0-0 debug@~2.0.0
149 silly lockFile 12b6356d-debug-2-0-0 debug@~2.0.0
150 http 304 https://registry.npmjs.org/express
151 silly registry.get cb [ 304,
151 silly registry.get   { date: 'Wed, 01 Oct 2014 19:16:51 GMT',
151 silly registry.get     server: 'Apache',
151 silly registry.get     via: '1.1 varnish',
151 silly registry.get     'last-modified': 'Wed, 01 Oct 2014 19:16:51 GMT',
151 silly registry.get     'cache-control': 'max-age=60',
151 silly registry.get     etag: '"NBVVNNMOKFHPH12Y0VLNAJV6"',
151 silly registry.get     'x-served-by': 'cache-ams4129-AMS',
151 silly registry.get     'x-cache': 'HIT',
151 silly registry.get     'x-cache-hits': '1',
151 silly registry.get     'x-timer': 'S1412191011.857659,VS0,VE1',
151 silly registry.get     vary: 'Accept',
151 silly registry.get     'content-length': '0',
151 silly registry.get     'keep-alive': 'timeout=10, max=49',
151 silly registry.get     connection: 'Keep-Alive' } ]
152 verbose etag express from cache
153 silly addNameRange number 2 { name: 'express', range: '>=4.9.0-0 <4.10.0-0', hasData: true }
154 silly addNameRange versions [ 'express',
154 silly addNameRange   [ '0.14.0',
154 silly addNameRange     '0.14.1',
154 silly addNameRange     '1.0.0',
154 silly addNameRange     '1.0.1',
154 silly addNameRange     '1.0.2',
154 silly addNameRange     '1.0.3',
154 silly addNameRange     '1.0.4',
154 silly addNameRange     '1.0.5',
154 silly addNameRange     '1.0.6',
154 silly addNameRange     '1.0.7',
154 silly addNameRange     '1.0.8',
154 silly addNameRange     '2.0.0',
154 silly addNameRange     '2.1.0',
154 silly addNameRange     '2.1.1',
154 silly addNameRange     '2.2.0',
154 silly addNameRange     '2.2.1',
154 silly addNameRange     '2.2.2',
154 silly addNameRange     '2.3.0',
154 silly addNameRange     '2.3.1',
154 silly addNameRange     '2.3.2',
154 silly addNameRange     '2.3.3',
154 silly addNameRange     '2.3.4',
154 silly addNameRange     '2.3.5',
154 silly addNameRange     '2.3.6',
154 silly addNameRange     '2.3.7',
154 silly addNameRange     '2.3.8',
154 silly addNameRange     '2.3.9',
154 silly addNameRange     '2.3.10',
154 silly addNameRange     '2.3.11',
154 silly addNameRange     '2.3.12',
154 silly addNameRange     '2.4.0',
154 silly addNameRange     '2.4.1',
154 silly addNameRange     '2.4.2',
154 silly addNameRange     '2.4.3',
154 silly addNameRange     '2.4.4',
154 silly addNameRange     '2.4.5',
154 silly addNameRange     '2.4.6',
154 silly addNameRange     '2.4.7',
154 silly addNameRange     '2.5.0',
154 silly addNameRange     '2.5.1',
154 silly addNameRange     '2.5.2',
154 silly addNameRange     '2.5.3',
154 silly addNameRange     '2.5.4',
154 silly addNameRange     '2.5.5',
154 silly addNameRange     '2.5.6',
154 silly addNameRange     '2.5.7',
154 silly addNameRange     '2.5.8',
154 silly addNameRange     '2.5.9',
154 silly addNameRange     '2.5.10',
154 silly addNameRange     '2.5.11',
154 silly addNameRange     '3.0.0',
154 silly addNameRange     '3.0.1',
154 silly addNameRange     '3.0.2',
154 silly addNameRange     '3.0.3',
154 silly addNameRange     '3.0.4',
154 silly addNameRange     '3.0.5',
154 silly addNameRange     '3.0.6',
154 silly addNameRange     '3.1.0',
154 silly addNameRange     '3.1.1',
154 silly addNameRange     '3.1.2',
154 silly addNameRange     '3.2.0',
154 silly addNameRange     '3.2.1',
154 silly addNameRange     '3.2.2',
154 silly addNameRange     '3.2.3',
154 silly addNameRange     '3.2.4',
154 silly addNameRange     '3.2.5',
154 silly addNameRange     '3.2.6',
154 silly addNameRange     '3.3.0',
154 silly addNameRange     '3.3.1',
154 silly addNameRange     '3.3.2',
154 silly addNameRange     '3.3.3',
154 silly addNameRange     '3.3.4',
154 silly addNameRange     '3.3.5',
154 silly addNameRange     '3.3.6',
154 silly addNameRange     '1.0.0-beta',
154 silly addNameRange     '1.0.0-beta2',
154 silly addNameRange     '1.0.0-rc',
154 silly addNameRange     '1.0.0-rc2',
154 silly addNameRange     '1.0.0-rc3',
154 silly addNameRange     '1.0.0-rc4',
154 silly addNameRange     '2.0.0-beta',
154 silly addNameRange     '2.0.0-beta2',
154 silly addNameRange     '2.0.0-beta3',
154 silly addNameRange     '2.0.0-rc',
154 silly addNameRange     '2.0.0-rc2',
154 silly addNameRange     '2.0.0-rc3',
154 silly addNameRange     '3.0.0-alpha1',
154 silly addNameRange     '3.0.0-alpha2',
154 silly addNameRange     '3.0.0-alpha3',
154 silly addNameRange     '3.0.0-alpha4',
154 silly addNameRange     '3.0.0-alpha5',
154 silly addNameRange     '3.0.0-beta1',
154 silly addNameRange     '3.0.0-beta2',
154 silly addNameRange     '3.0.0-beta3',
154 silly addNameRange     '3.0.0-beta4',
154 silly addNameRange     '3.0.0-beta6',
154 silly addNameRange     '3.0.0-beta7',
154 silly addNameRange     '3.0.0-rc1',
154 silly addNameRange     '3.0.0-rc2',
154 silly addNameRange     '3.0.0-rc3',
154 silly addNameRange     '3.0.0-rc4',
154 silly addNameRange     '3.0.0-rc5',
154 silly addNameRange     '3.3.7',
154 silly addNameRange     '3.3.8',
154 silly addNameRange     '3.4.0',
154 silly addNameRange     '3.4.1',
154 silly addNameRange     '3.4.2',
154 silly addNameRange     '3.4.3',
154 silly addNameRange     '3.4.4',
154 silly addNameRange     '3.4.5',
154 silly addNameRange     '3.4.6',
154 silly addNameRange     '3.4.7',
154 silly addNameRange     '3.4.8',
154 silly addNameRange     '4.0.0-rc1',
154 silly addNameRange     '4.0.0-rc2',
154 silly addNameRange     '3.5.0',
154 silly addNameRange     '4.0.0-rc3',
154 silly addNameRange     '4.0.0-rc4',
154 silly addNameRange     '3.5.1',
154 silly addNameRange     '4.0.0',
154 silly addNameRange     '3.5.2',
154 silly addNameRange     '4.1.0',
154 silly addNameRange     '4.1.1',
154 silly addNameRange     '3.5.3',
154 silly addNameRange     '4.1.2',
154 silly addNameRange     '3.6.0',
154 silly addNameRange     '4.2.0',
154 silly addNameRange     '3.7.0',
154 silly addNameRange     '3.8.0',
154 silly addNameRange     '4.3.0',
154 silly addNameRange     '4.3.1',
154 silly addNameRange     '3.8.1',
154 silly addNameRange     '4.3.2',
154 silly addNameRange     '3.9.0',
154 silly addNameRange     '4.4.0',
154 silly addNameRange     '4.4.1',
154 silly addNameRange     '3.10.0',
154 silly addNameRange     '3.10.1',
154 silly addNameRange     '3.10.2',
154 silly addNameRange     '3.10.3',
154 silly addNameRange     '3.10.4',
154 silly addNameRange     '4.4.2',
154 silly addNameRange     '3.10.5',
154 silly addNameRange     '4.4.3',
154 silly addNameRange     '3.11.0',
154 silly addNameRange     '4.4.4',
154 silly addNameRange     '3.12.0',
154 silly addNameRange     '3.12.1',
154 silly addNameRange     '4.4.5',
154 silly addNameRange     '3.13.0',
154 silly addNameRange     '4.5.0',
154 silly addNameRange     '4.5.1',
154 silly addNameRange     '3.14.0',
154 silly addNameRange     '4.6.0',
154 silly addNameRange     '4.6.1',
154 silly addNameRange     '3.15.0',
154 silly addNameRange     '4.7.0',
154 silly addNameRange     '3.15.1',
154 silly addNameRange     '4.7.1',
154 silly addNameRange     '3.15.2',
154 silly addNameRange     '4.7.2',
154 silly addNameRange     '4.7.3',
154 silly addNameRange     '3.15.3',
154 silly addNameRange     '4.7.4',
154 silly addNameRange     '3.16.0',
154 silly addNameRange     '4.8.0',
154 silly addNameRange     '3.16.1',
154 silly addNameRange     '4.8.1',
154 silly addNameRange     '3.16.2',
154 silly addNameRange     '4.8.2',
154 silly addNameRange     '3.16.3',
154 silly addNameRange     '3.16.4',
154 silly addNameRange     '4.8.3',
154 silly addNameRange     '3.16.5',
154 silly addNameRange     '3.16.6',
154 silly addNameRange     '4.8.4',
154 silly addNameRange     '3.16.7',
154 silly addNameRange     '4.8.5',
154 silly addNameRange     '3.16.8',
154 silly addNameRange     '4.8.6',
154 silly addNameRange     '3.16.9',
154 silly addNameRange     '4.8.7',
154 silly addNameRange     '3.16.10',
154 silly addNameRange     '4.8.8',
154 silly addNameRange     '3.17.0',
154 silly addNameRange     '3.17.1',
154 silly addNameRange     '4.9.0',
154 silly addNameRange     '3.17.2',
154 silly addNameRange     '4.9.1',
154 silly addNameRange     '4.9.2',
154 silly addNameRange     '3.17.3',
154 silly addNameRange     '4.9.3',
154 silly addNameRange     '3.17.4',
154 silly addNameRange     '4.9.4',
154 silly addNameRange     '3.17.5',
154 silly addNameRange     '4.9.5' ] ]
155 verbose addNamed [ 'express', '4.9.5' ]
156 verbose addNamed [ '4.9.5', '4.9.5' ]
157 silly lockFile f27a90a0-express-4-9-5 express@4.9.5
158 verbose lock express@4.9.5 C:\Users\Tommy\AppData\Roaming\npm-cache\f27a90a0-express-4-9-5.lock
159 http 304 https://registry.npmjs.org/serve-favicon
160 silly registry.get cb [ 304,
160 silly registry.get   { date: 'Wed, 01 Oct 2014 19:16:51 GMT',
160 silly registry.get     server: 'Apache',
160 silly registry.get     via: '1.1 varnish',
160 silly registry.get     'last-modified': 'Wed, 01 Oct 2014 19:16:51 GMT',
160 silly registry.get     'cache-control': 'max-age=60',
160 silly registry.get     etag: '"7DE7XCB1YNR2K4M0V914W2FL0"',
160 silly registry.get     'x-served-by': 'cache-ams4134-AMS',
160 silly registry.get     'x-cache': 'HIT',
160 silly registry.get     'x-cache-hits': '1',
160 silly registry.get     'x-timer': 'S1412191011.791835,VS0,VE90',
160 silly registry.get     vary: 'Accept',
160 silly registry.get     'content-length': '0',
160 silly registry.get     'keep-alive': 'timeout=10, max=50',
160 silly registry.get     connection: 'Keep-Alive' } ]
161 verbose etag serve-favicon from cache
162 silly lockFile f27a90a0-express-4-9-5 express@4.9.5
163 silly lockFile f27a90a0-express-4-9-5 express@4.9.5
164 http 304 https://registry.npmjs.org/morgan
165 silly registry.get cb [ 304,
165 silly registry.get   { date: 'Wed, 01 Oct 2014 19:16:51 GMT',
165 silly registry.get     server: 'Apache',
165 silly registry.get     via: '1.1 varnish',
165 silly registry.get     'last-modified': 'Wed, 01 Oct 2014 19:16:51 GMT',
165 silly registry.get     'cache-control': 'max-age=60',
165 silly registry.get     etag: '"8ELLH52SOJI9QYW7H7RPI0VL0"',
165 silly registry.get     'x-served-by': 'cache-ams4135-AMS',
165 silly registry.get     'x-cache': 'HIT',
165 silly registry.get     'x-cache-hits': '1',
165 silly registry.get     'x-timer': 'S1412191011.799847,VS0,VE90',
165 silly registry.get     vary: 'Accept',
165 silly registry.get     'content-length': '0',
165 silly registry.get     'keep-alive': 'timeout=10, max=50',
165 silly registry.get     connection: 'Keep-Alive' } ]
166 verbose etag morgan from cache
167 silly lockFile 6ae7fa08-express-4-9-0 express@~4.9.0
168 silly lockFile 6ae7fa08-express-4-9-0 express@~4.9.0
169 silly addNameRange number 2 { name: 'serve-favicon',
169 silly addNameRange   range: '>=2.1.3-0 <2.2.0-0',
169 silly addNameRange   hasData: true }
170 silly addNameRange versions [ 'serve-favicon',
170 silly addNameRange   [ '2.0.0',
170 silly addNameRange     '2.0.1',
170 silly addNameRange     '2.1.0',
170 silly addNameRange     '2.1.1',
170 silly addNameRange     '2.1.2',
170 silly addNameRange     '2.1.3',
170 silly addNameRange     '2.1.4',
170 silly addNameRange     '2.1.5' ] ]
171 verbose addNamed [ 'serve-favicon', '2.1.5' ]
172 verbose addNamed [ '2.1.5', '2.1.5' ]
173 silly lockFile f49d9e7e-serve-favicon-2-1-5 serve-favicon@2.1.5
174 verbose lock serve-favicon@2.1.5 C:\Users\Tommy\AppData\Roaming\npm-cache\f49d9e7e-serve-favicon-2-1-5.lock
175 silly lockFile f49d9e7e-serve-favicon-2-1-5 serve-favicon@2.1.5
176 silly lockFile f49d9e7e-serve-favicon-2-1-5 serve-favicon@2.1.5
177 silly addNameRange number 2 { name: 'morgan', range: '>=1.3.0-0 <1.4.0-0', hasData: true }
178 silly addNameRange versions [ 'morgan',
178 silly addNameRange   [ '1.0.0',
178 silly addNameRange     '1.0.1',
178 silly addNameRange     '1.1.0',
178 silly addNameRange     '1.1.1',
178 silly addNameRange     '1.2.0',
178 silly addNameRange     '1.2.1',
178 silly addNameRange     '1.2.2',
178 silly addNameRange     '1.2.3',
178 silly addNameRange     '1.3.0',
178 silly addNameRange     '1.3.1',
178 silly addNameRange     '1.3.2' ] ]
179 verbose addNamed [ 'morgan', '1.3.2' ]
180 verbose addNamed [ '1.3.2', '1.3.2' ]
181 silly lockFile 7e2b41c6-morgan-1-3-2 morgan@1.3.2
182 verbose lock morgan@1.3.2 C:\Users\Tommy\AppData\Roaming\npm-cache\7e2b41c6-morgan-1-3-2.lock
183 silly lockFile 38295489-serve-favicon-2-1-3 serve-favicon@~2.1.3
184 silly lockFile 38295489-serve-favicon-2-1-3 serve-favicon@~2.1.3
185 silly lockFile 7e2b41c6-morgan-1-3-2 morgan@1.3.2
186 silly lockFile 7e2b41c6-morgan-1-3-2 morgan@1.3.2
187 silly lockFile a4a9bdf4-morgan-1-3-0 morgan@~1.3.0
188 silly lockFile a4a9bdf4-morgan-1-3-0 morgan@~1.3.0
189 http 304 https://registry.npmjs.org/jade
190 silly registry.get cb [ 304,
190 silly registry.get   { date: 'Wed, 01 Oct 2014 19:16:51 GMT',
190 silly registry.get     server: 'Apache',
190 silly registry.get     via: '1.1 varnish',
190 silly registry.get     'last-modified': 'Wed, 01 Oct 2014 19:04:25 GMT',
190 silly registry.get     'cache-control': 'max-age=60',
190 silly registry.get     etag: '"2O8A36TZF8FAVX35MDT0V2IQJ"',
190 silly registry.get     'x-served-by': 'cache-ams4129-AMS',
190 silly registry.get     'x-cache': 'HIT',
190 silly registry.get     'x-cache-hits': '28',
190 silly registry.get     'x-timer': 'S1412191011.912469,VS0,VE0',
190 silly registry.get     vary: 'Accept',
190 silly registry.get     'content-length': '0',
190 silly registry.get     'keep-alive': 'timeout=10, max=48',
190 silly registry.get     connection: 'Keep-Alive' } ]
191 verbose etag jade from cache
192 silly addNameRange number 2 { name: 'jade', range: '>=1.6.0-0 <1.7.0-0', hasData: true }
193 silly addNameRange versions [ 'jade',
193 silly addNameRange   [ '0.0.1',
193 silly addNameRange     '0.0.2',
193 silly addNameRange     '0.1.0',
193 silly addNameRange     '0.2.0',
193 silly addNameRange     '0.2.1',
193 silly addNameRange     '0.2.2',
193 silly addNameRange     '0.2.3',
193 silly addNameRange     '0.2.4',
193 silly addNameRange     '0.3.0',
193 silly addNameRange     '0.4.0',
193 silly addNameRange     '0.4.1',
193 silly addNameRange     '0.5.0',
193 silly addNameRange     '0.5.1',
193 silly addNameRange     '0.5.2',
193 silly addNameRange     '0.5.3',
193 silly addNameRange     '0.5.4',
193 silly addNameRange     '0.5.5',
193 silly addNameRange     '0.5.6',
193 silly addNameRange     '0.5.7',
193 silly addNameRange     '0.6.0',
193 silly addNameRange     '0.6.1',
193 silly addNameRange     '0.6.3',
193 silly addNameRange     '0.7.0',
193 silly addNameRange     '0.7.1',
193 silly addNameRange     '0.8.0',
193 silly addNameRange     '0.8.1',
193 silly addNameRange     '0.8.2',
193 silly addNameRange     '0.8.3',
193 silly addNameRange     '0.8.4',
193 silly addNameRange     '0.8.5',
193 silly addNameRange     '0.8.6',
193 silly addNameRange     '0.8.7',
193 silly addNameRange     '0.8.8',
193 silly addNameRange     '0.8.9',
193 silly addNameRange     '0.9.0',
193 silly addNameRange     '0.9.1',
193 silly addNameRange     '0.9.2',
193 silly addNameRange     '0.9.3',
193 silly addNameRange     '0.10.0',
193 silly addNameRange     '0.10.1',
193 silly addNameRange     '0.10.2',
193 silly addNameRange     '0.10.3',
193 silly addNameRange     '0.10.4',
193 silly addNameRange     '0.10.5',
193 silly addNameRange     '0.10.6',
193 silly addNameRange     '0.10.7',
193 silly addNameRange     '0.11.0',
193 silly addNameRange     '0.11.1',
193 silly addNameRange     '0.12.0',
193 silly addNameRange     '0.12.1',
193 silly addNameRange     '0.12.2',
193 silly addNameRange     '0.12.3',
193 silly addNameRange     '0.12.4',
193 silly addNameRange     '0.13.0',
193 silly addNameRange     '0.14.0',
193 silly addNameRange     '0.14.1',
193 silly addNameRange     '0.14.2',
193 silly addNameRange     '0.15.0',
193 silly addNameRange     '0.15.1',
193 silly addNameRange     '0.15.2',
193 silly addNameRange     '0.15.3',
193 silly addNameRange     '0.15.4',
193 silly addNameRange     '0.16.0',
193 silly addNameRange     '0.16.1',
193 silly addNameRange     '0.16.2',
193 silly addNameRange     '0.16.3',
193 silly addNameRange     '0.16.4',
193 silly addNameRange     '0.17.0',
193 silly addNameRange     '0.18.0',
193 silly addNameRange     '0.19.0',
193 silly addNameRange     '0.20.0',
193 silly addNameRange     '0.20.1',
193 silly addNameRange     '0.20.2',
193 silly addNameRange     '0.20.3',
193 silly addNameRange     '0.21.0',
193 silly addNameRange     '0.22.0',
193 silly addNameRange     '0.22.1',
193 silly addNameRange     '0.23.0',
193 silly addNameRange     '0.24.0',
193 silly addNameRange     '0.25.0',
193 silly addNameRange     '0.26.0',
193 silly addNameRange     '0.26.1',
193 silly addNameRange     '0.26.2',
193 silly addNameRange     '0.26.3',
193 silly addNameRange     '0.27.0',
193 silly addNameRange     '0.27.1',
193 silly addNameRange     '0.27.2',
193 silly addNameRange     '0.27.3',
193 silly addNameRange     '0.27.4',
193 silly addNameRange     '0.27.5',
193 silly addNameRange     '0.27.6',
193 silly addNameRange     '0.27.7',
193 silly addNameRange     '0.28.0',
193 silly addNameRange     '0.28.1',
193 silly addNameRange     '0.28.2',
193 silly addNameRange     '0.29.0',
193 silly addNameRange     '0.30.0',
193 silly addNameRange     '0.31.0',
193 silly addNameRange     '0.31.1',
193 silly addNameRange     '0.31.2',
193 silly addNameRange     '0.32.0',
193 silly addNameRange     '0.33.0',
193 silly addNameRange     '0.34.0',
193 silly addNameRange     '0.34.1',
193 silly addNameRange     '0.35.0',
193 silly addNameRange     '1.0.0',
193 silly addNameRange     '1.0.1',
193 silly addNameRange     '1.0.2',
193 silly addNameRange     '1.1.0',
193 silly addNameRange     '1.1.1',
193 silly addNameRange     '1.1.2',
193 silly addNameRange     '1.1.3',
193 silly addNameRange     '1.1.4',
193 silly addNameRange     '1.1.5',
193 silly addNameRange     '1.2.0',
193 silly addNameRange     '1.3.0',
193 silly addNameRange     '1.3.1',
193 silly addNameRange     '1.4.0',
193 silly addNameRange     '1.4.1',
193 silly addNameRange     '1.4.2',
193 silly addNameRange     '1.5.0',
193 silly addNameRange     '1.6.0',
193 silly addNameRange     '1.7.0' ] ]
194 verbose addNamed [ 'jade', '1.6.0' ]
195 verbose addNamed [ '1.6.0', '1.6.0' ]
196 silly lockFile c06071bd-jade-1-6-0 jade@1.6.0
197 verbose lock jade@1.6.0 C:\Users\Tommy\AppData\Roaming\npm-cache\c06071bd-jade-1-6-0.lock
198 silly lockFile c06071bd-jade-1-6-0 jade@1.6.0
199 silly lockFile c06071bd-jade-1-6-0 jade@1.6.0
200 silly lockFile ad8c17a8-jade-1-6-0 jade@~1.6.0
201 silly lockFile ad8c17a8-jade-1-6-0 jade@~1.6.0
202 http 304 https://registry.npmjs.org/body-parser
203 silly registry.get cb [ 304,
203 silly registry.get   { date: 'Wed, 01 Oct 2014 19:16:51 GMT',
203 silly registry.get     server: 'Apache',
203 silly registry.get     via: '1.1 varnish',
203 silly registry.get     'last-modified': 'Wed, 01 Oct 2014 19:16:52 GMT',
203 silly registry.get     'cache-control': 'max-age=60',
203 silly registry.get     etag: '"5DXZO43CX5AY2Z9FJXBO4ZZOE"',
203 silly registry.get     'x-served-by': 'cache-ams4131-AMS',
203 silly registry.get     'x-cache': 'HIT',
203 silly registry.get     'x-cache-hits': '1',
203 silly registry.get     'x-timer': 'S1412191011.790930,VS0,VE380',
203 silly registry.get     vary: 'Accept',
203 silly registry.get     'content-length': '0',
203 silly registry.get     'keep-alive': 'timeout=10, max=50',
203 silly registry.get     connection: 'Keep-Alive' } ]
204 verbose etag body-parser from cache
205 silly addNameRange number 2 { name: 'body-parser',
205 silly addNameRange   range: '>=1.8.1-0 <1.9.0-0',
205 silly addNameRange   hasData: true }
206 silly addNameRange versions [ 'body-parser',
206 silly addNameRange   [ '1.0.0',
206 silly addNameRange     '1.0.1',
206 silly addNameRange     '1.0.2',
206 silly addNameRange     '1.1.0',
206 silly addNameRange     '1.1.1',
206 silly addNameRange     '1.1.2',
206 silly addNameRange     '1.2.0',
206 silly addNameRange     '1.2.1',
206 silly addNameRange     '1.2.2',
206 silly addNameRange     '1.3.0',
206 silly addNameRange     '1.3.1',
206 silly addNameRange     '1.4.0',
206 silly addNameRange     '1.4.1',
206 silly addNameRange     '1.4.2',
206 silly addNameRange     '1.4.3',
206 silly addNameRange     '1.5.0',
206 silly addNameRange     '1.5.1',
206 silly addNameRange     '1.5.2',
206 silly addNameRange     '1.6.0',
206 silly addNameRange     '1.6.1',
206 silly addNameRange     '1.6.2',
206 silly addNameRange     '1.6.3',
206 silly addNameRange     '1.6.4',
206 silly addNameRange     '1.6.5',
206 silly addNameRange     '1.6.6',
206 silly addNameRange     '1.6.7',
206 silly addNameRange     '1.7.0',
206 silly addNameRange     '1.8.0',
206 silly addNameRange     '1.8.1',
206 silly addNameRange     '1.8.2',
206 silly addNameRange     '1.8.3',
206 silly addNameRange     '1.8.4',
206 silly addNameRange     '1.9.0' ] ]
207 verbose addNamed [ 'body-parser', '1.8.4' ]
208 verbose addNamed [ '1.8.4', '1.8.4' ]
209 silly lockFile 5cba912c-body-parser-1-8-4 body-parser@1.8.4
210 verbose lock body-parser@1.8.4 C:\Users\Tommy\AppData\Roaming\npm-cache\5cba912c-body-parser-1-8-4.lock
211 silly lockFile 5cba912c-body-parser-1-8-4 body-parser@1.8.4
212 silly lockFile 5cba912c-body-parser-1-8-4 body-parser@1.8.4
213 silly lockFile a49948c1-body-parser-1-8-1 body-parser@~1.8.1
214 silly lockFile a49948c1-body-parser-1-8-1 body-parser@~1.8.1
215 http 304 https://registry.npmjs.org/membership
216 silly registry.get cb [ 304,
216 silly registry.get   { date: 'Wed, 01 Oct 2014 19:16:51 GMT',
216 silly registry.get     server: 'Apache',
216 silly registry.get     via: '1.1 varnish',
216 silly registry.get     'last-modified': 'Wed, 01 Oct 2014 19:16:52 GMT',
216 silly registry.get     'cache-control': 'max-age=60',
216 silly registry.get     etag: '"4CU64TV452K5Z0RH9J27VYZVN"',
216 silly registry.get     'x-served-by': 'cache-ams4134-AMS',
216 silly registry.get     'x-cache': 'MISS',
216 silly registry.get     'x-cache-hits': '0',
216 silly registry.get     'x-timer': 'S1412191011.933096,VS0,VE379',
216 silly registry.get     vary: 'Accept',
216 silly registry.get     'content-length': '0',
216 silly registry.get     'keep-alive': 'timeout=10, max=49',
216 silly registry.get     connection: 'Keep-Alive' } ]
217 verbose etag membership from cache
218 silly lockFile 7219fcc2-membership-Mirrodin-membership membership@Mirrodin-membership
219 silly lockFile 7219fcc2-membership-Mirrodin-membership membership@Mirrodin-membership
220 error notarget No compatible version found: membership@'Mirrodin-membership'
220 error notarget Valid install targets:
220 error notarget ["0.0.1"]
220 error notarget
220 error notarget This is most likely not a problem with npm itself.
220 error notarget In most cases you or one of your dependencies are requesting
220 error notarget a package version that doesn't exist.
221 error System Windows_NT 6.2.9200
222 error command "C:\\nodejs\\\\node.exe" "C:\\nodejs\\node_modules\\npm\\bin\\npm-cli.js" "install" "-d"
223 error cwd C:\Projects\Mirrodin\mirrodinweb
224 error node -v v0.10.28
225 error npm -v 1.4.9
226 error code ETARGET
227 verbose exit [ 1, true ]
